[0KRunning with gitlab-runner 17.7.0~pre.103.g896916a8 (896916a8)[0;m
[0K  on green-1.saas-linux-small-amd64.runners-manager.gitlab.com/default JLgUopmM, system ID: s_deaa2ca09de7[0;m
section_start:1740962706:prepare_executor
[0K[0K[36;1mPreparing the "docker+machine" executor[0;m[0;m
[0KUsing Docker executor with image registry.gitlab.com/dev8960922/autoyt:latest ...[0;m
[0KAuthenticating with credentials from job payload (GitLab Registry)[0;m
[0KPulling docker image registry.gitlab.com/dev8960922/autoyt:latest ...[0;m
[0KUsing docker image sha256:42f86f80e23175283f26bb2d7f77c6b267a22e772763cfb8f2aa778188903710 for registry.gitlab.com/dev8960922/autoyt:latest with digest registry.gitlab.com/dev8960922/autoyt@sha256:65ca19b02463bae1371c5476c41b8e67460f461a94a8d6504c4433154f7e4712 ...[0;m
section_end:1740962743:prepare_executor
[0Ksection_start:1740962743:prepare_script
[0K[0K[36;1mPreparing environment[0;m[0;m
Running on runner-jlguopmm-project-67440983-concurrent-0 via runner-jlguopmm-s-l-s-amd64-1740962664-fcff212b...
section_end:1740962750:prepare_script
[0Ksection_start:1740962750:get_sources
[0K[0K[36;1mGetting source from Git repository[0;m[0;m
[32;1mFetching changes with git depth set to 20...[0;m
Initialized empty Git repository in /builds/dev8960922/autoyt/.git/
[32;1mCreated fresh repository.[0;m
[32;1mChecking out 6c1cb039 as detached HEAD (ref is main)...[0;m

[32;1mSkipping Git submodules setup[0;m
[32;1m$ git remote set-url origin "${CI_REPOSITORY_URL}"[0;m
section_end:1740962766:get_sources
[0Ksection_start:1740962766:download_artifacts
[0K[0K[36;1mDownloading artifacts[0;m[0;m
[32;1mDownloading artifacts for combine_videos (9287947427)...[0;m
Downloading artifacts from coordinator... ok      [0;m  host[0;m=storage.googleapis.com id[0;m=9287947427 responseStatus[0;m=200 OK token[0;m=glcbt-66
section_end:1740962769:download_artifacts
[0Ksection_start:1740962769:step_script
[0K[0K[36;1mExecuting "step_script" stage of the job script[0;m[0;m
[0KUsing docker image sha256:42f86f80e23175283f26bb2d7f77c6b267a22e772763cfb8f2aa778188903710 for registry.gitlab.com/dev8960922/autoyt:latest with digest registry.gitlab.com/dev8960922/autoyt@sha256:65ca19b02463bae1371c5476c41b8e67460f461a94a8d6504c4433154f7e4712 ...[0;m
[32;1m$ ls -la[0;m
total 98200
drwxrwxrwx 6 root root      4096 Mar  3 00:46 .
drwxrwxrwx 4 root root      4096 Mar  3 00:45 ..
drwxrwxrwx 6 root root      4096 Mar  3 00:46 .git
-rw-rw-rw- 1 root root        66 Mar  3 00:46 .gitignore
-rw-rw-rw- 1 root root      3880 Mar  3 00:46 .gitlab-ci.yml
-rw-rw-rw- 1 root root      1502 Mar  3 00:46 Dockerfile
-rw-rw-rw- 1 root root      6154 Mar  3 00:46 README.md
-rw-rw-rw- 1 root root       412 Mar  3 00:46 client_secrets.json
-rw-rw-rw- 1 root root       989 Mar  3 00:46 gdrive_token.pickle
-rw-rw-rw- 1 root root       232 Mar  3 00:46 requirements.txt
drwxrwxrwx 2 root root      4096 Mar  3 00:46 src
drwxrwxrwx 2 root root      4096 Mar  3 00:46 test_video
drwxrwxrwx 3 root root      4096 Mar  3 00:46 uploads
-rw-rw-rw- 1 root root      1121 Mar  3 00:46 youtube_token.pickle
-rw-r--r-- 1 root root 100491471 Mar  3 00:44 youtube_video_combined_ffmpeg.mp4
[32;1m$ python src/youtube_uploader.py[0;m
Analytics Data: {'kind': 'youtubeAnalytics#resultTable', 'columnHeaders': [{'name': 'day', 'columnType': 'DIMENSION', 'dataType': 'STRING'}, {'name': 'views', 'columnType': 'METRIC', 'dataType': 'INTEGER'}, {'name': 'estimatedMinutesWatched', 'columnType': 'METRIC', 'dataType': 'INTEGER'}, {'name': 'averageViewDuration', 'columnType': 'METRIC', 'dataType': 'INTEGER'}, {'name': 'subscribersGained', 'columnType': 'METRIC', 'dataType': 'INTEGER'}], 'rows': [['2025-02-28', 21, 18, 53, 0], ['2025-02-27', 16, 20, 75, 0], ['2025-02-26', 0, 0, 0, 0], ['2025-02-25', 2, 4, 145, 0], ['2025-02-24', 1, 0, 4, 0], ['2025-02-23', 0, 0, 0, 0], ['2025-02-22', 12, 37, 189, 1], ['2025-02-21', 6, 11, 117, 0], ['2025-02-20', 5, 8, 106, 0], ['2025-02-19', 11, 23, 127, 0], ['2025-02-18', 7, 9, 84, 0], ['2025-02-17', 14, 22, 96, 0], ['2025-02-16', 3, 0, 9, 0], ['2025-02-15', 0, 0, 0, 0], ['2025-02-14', 0, 0, 0, 0], ['2025-02-13', 3, 3, 68, 0], ['2025-02-12', 558, 746, 80, 0], ['2025-02-11', 161, 200, 74, 0], ['2025-02-10', 119, 107, 53, 1], ['2025-02-09', 9, 13, 91, 0], ['2025-02-08', 7, 13, 118, 6], ['2025-02-07', 0, 0, 0, 0], ['2025-02-06', 0, 0, 0, 0], ['2025-02-05', 0, 0, 0, 0], ['2025-02-04', 0, 0, 0, 0], ['2025-02-03', 0, 0, 0, 0], ['2025-02-02', 0, 0, 0, 0], ['2025-02-01', 0, 0, 0, 0], ['2025-01-31', 0, 0, 0, 0], ['2025-01-30', 0, 0, 0, 0], ['2025-01-29', 0, 0, 0, 0], ['2025-01-28', 0, 0, 0, 0], ['2025-01-27', 0, 0, 0, 0], ['2025-01-26', 0, 0, 0, 0], ['2025-01-25', 0, 0, 0, 0], ['2025-01-24', 0, 0, 0, 0], ['2025-01-23', 0, 0, 0, 0], ['2025-01-22', 0, 0, 0, 0], ['2025-01-21', 0, 0, 0, 0], ['2025-01-20', 0, 0, 0, 0], ['2025-01-19', 0, 0, 0, 0], ['2025-01-18', 0, 0, 0, 0], ['2025-01-17', 0, 0, 0, 0], ['2025-01-16', 0, 0, 0, 0], ['2025-01-15', 0, 0, 0, 0], ['2025-01-14', 0, 0, 0, 0], ['2025-01-13', 0, 0, 0, 0], ['2025-01-12', 0, 0, 0, 0], ['2025-01-11', 0, 0, 0, 0], ['2025-01-10', 0, 0, 0, 0], ['2025-01-09', 0, 0, 0, 0], ['2025-01-08', 0, 0, 0, 0], ['2025-01-07', 0, 0, 0, 0], ['2025-01-06', 0, 0, 0, 0], ['2025-01-05', 0, 0, 0, 0], ['2025-01-04', 0, 0, 0, 0], ['2025-01-03', 0, 0, 0, 0], ['2025-01-02', 0, 0, 0, 0], ['2025-01-01', 0, 0, 0, 0], ['2024-12-31', 0, 0, 0, 0], ['2024-12-30', 0, 0, 0, 0], ['2024-12-29', 0, 0, 0, 0], ['2024-12-28', 0, 0, 0, 0], ['2024-12-27', 0, 0, 0, 0], ['2024-12-26', 0, 0, 0, 0], ['2024-12-25', 0, 0, 0, 0], ['2024-12-24', 0, 0, 0, 0], ['2024-12-23', 0, 0, 0, 0], ['2024-12-22', 0, 0, 0, 0], ['2024-12-21', 0, 0, 0, 0], ['2024-12-20', 0, 0, 0, 0], ['2024-12-19', 0, 0, 0, 0], ['2024-12-18', 0, 0, 0, 0], ['2024-12-17', 0, 0, 0, 0], ['2024-12-16', 0, 0, 0, 0], ['2024-12-15', 0, 0, 0, 0], ['2024-12-14', 0, 0, 0, 0], ['2024-12-13', 0, 0, 0, 0], ['2024-12-12', 0, 0, 0, 0], ['2024-12-11', 0, 0, 0, 0], ['2024-12-10', 0, 0, 0, 0], ['2024-12-09', 0, 0, 0, 0], ['2024-12-08', 0, 0, 0, 0], ['2024-12-07', 0, 0, 0, 0], ['2024-12-06', 0, 0, 0, 0], ['2024-12-05', 0, 0, 0, 0], ['2024-12-04', 0, 0, 0, 0], ['2024-12-03', 0, 0, 0, 0], ['2024-12-02', 0, 0, 0, 0], ['2024-12-01', 0, 0, 0, 0], ['2024-11-30', 0, 0, 0, 0], ['2024-11-29', 0, 0, 0, 0], ['2024-11-28', 0, 0, 0, 0], ['2024-11-27', 0, 0, 0, 0], ['2024-11-26', 0, 0, 0, 0], ['2024-11-25', 0, 0, 0, 0], ['2024-11-24', 0, 0, 0, 0], ['2024-11-23', 0, 0, 0, 0], ['2024-11-22', 0, 0, 0, 0], ['2024-11-21', 0, 0, 0, 0], ['2024-11-20', 0, 0, 0, 0], ['2024-11-19', 0, 0, 0, 0], ['2024-11-18', 0, 0, 0, 0], ['2024-11-17', 0, 0, 0, 0], ['2024-11-16', 0, 0, 0, 0], ['2024-11-15', 0, 0, 0, 0], ['2024-11-14', 0, 0, 0, 0], ['2024-11-13', 0, 0, 0, 0], ['2024-11-12', 0, 0, 0, 0], ['2024-11-11', 0, 0, 0, 0], ['2024-11-10', 0, 0, 0, 0], ['2024-11-09', 0, 0, 0, 0], ['2024-11-08', 0, 0, 0, 0], ['2024-11-07', 0, 0, 0, 0], ['2024-11-06', 0, 0, 0, 0], ['2024-11-05', 0, 0, 0, 0], ['2024-11-04', 0, 0, 0, 0], ['2024-11-03', 0, 0, 0, 0], ['2024-11-02', 0, 0, 0, 0], ['2024-11-01', 0, 0, 0, 0], ['2024-10-31', 0, 0, 0, 0], ['2024-10-30', 0, 0, 0, 0], ['2024-10-29', 0, 0, 0, 0], ['2024-10-28', 0, 0, 0, 0], ['2024-10-27', 0, 0, 0, 0], ['2024-10-26', 0, 0, 0, 0], ['2024-10-25', 0, 0, 0, 0], ['2024-10-24', 0, 0, 0, 0], ['2024-10-23', 0, 0, 0, 0], ['2024-10-22', 0, 0, 0, 0], ['2024-10-21', 0, 0, 0, 0], ['2024-10-20', 0, 0, 0, 0], ['2024-10-19', 0, 0, 0, 0], ['2024-10-18', 0, 0, 0, 0], ['2024-10-17', 0, 0, 0, 0], ['2024-10-16', 0, 0, 0, 0], ['2024-10-15', 0, 0, 0, 0], ['2024-10-14', 0, 0, 0, 0], ['2024-10-13', 0, 0, 0, 0], ['2024-10-12', 0, 0, 0, 0], ['2024-10-11', 0, 0, 0, 0], ['2024-10-10', 0, 0, 0, 0], ['2024-10-09', 0, 0, 0, 0], ['2024-10-08', 0, 0, 0, 0], ['2024-10-07', 0, 0, 0, 0], ['2024-10-06', 0, 0, 0, 0], ['2024-10-05', 0, 0, 0, 0], ['2024-10-04', 0, 0, 0, 0], ['2024-10-03', 0, 0, 0, 0], ['2024-10-02', 0, 0, 0, 0], ['2024-10-01', 0, 0, 0, 0], ['2024-09-30', 0, 0, 0, 0], ['2024-09-29', 0, 0, 0, 0], ['2024-09-28', 0, 0, 0, 0], ['2024-09-27', 0, 0, 0, 0], ['2024-09-26', 0, 0, 0, 0], ['2024-09-25', 0, 0, 0, 0], ['2024-09-24', 0, 0, 0, 0], ['2024-09-23', 0, 0, 0, 0], ['2024-09-22', 0, 0, 0, 0], ['2024-09-21', 0, 0, 0, 0], ['2024-09-20', 0, 0, 0, 0], ['2024-09-19', 0, 0, 0, 0], ['2024-09-18', 0, 0, 0, 0], ['2024-09-17', 0, 0, 0, 0], ['2024-09-16', 0, 0, 0, 0], ['2024-09-15', 0, 0, 0, 0], ['2024-09-14', 0, 0, 0, 0], ['2024-09-13', 0, 0, 0, 0], ['2024-09-12', 0, 0, 0, 0], ['2024-09-11', 0, 0, 0, 0], ['2024-09-10', 0, 0, 0, 0], ['2024-09-09', 0, 0, 0, 0], ['2024-09-08', 0, 0, 0, 0], ['2024-09-07', 0, 0, 0, 0], ['2024-09-06', 0, 0, 0, 0], ['2024-09-05', 0, 0, 0, 0], ['2024-09-04', 0, 0, 0, 0], ['2024-09-03', 0, 0, 0, 0], ['2024-09-02', 0, 0, 0, 0], ['2024-09-01', 0, 0, 0, 0], ['2024-08-31', 0, 0, 0, 0], ['2024-08-30', 0, 0, 0, 0], ['2024-08-29', 0, 0, 0, 0], ['2024-08-28', 0, 0, 0, 0], ['2024-08-27', 0, 0, 0, 0], ['2024-08-26', 0, 0, 0, 0], ['2024-08-25', 0, 0, 0, 0], ['2024-08-24', 0, 0, 0, 0], ['2024-08-23', 0, 0, 0, 0], ['2024-08-22', 0, 0, 0, 0], ['2024-08-21', 0, 0, 0, 0], ['2024-08-20', 0, 0, 0, 0], ['2024-08-19', 0, 0, 0, 0], ['2024-08-18', 0, 0, 0, 0], ['2024-08-17', 0, 0, 0, 0], ['2024-08-16', 0, 0, 0, 0], ['2024-08-15', 0, 0, 0, 0], ['2024-08-14', 0, 0, 0, 0], ['2024-08-13', 0, 0, 0, 0], ['2024-08-12', 0, 0, 0, 0], ['2024-08-11', 0, 0, 0, 0], ['2024-08-10', 0, 0, 0, 0], ['2024-08-09', 0, 0, 0, 0], ['2024-08-08', 0, 0, 0, 0], ['2024-08-07', 0, 0, 0, 0], ['2024-08-06', 0, 0, 0, 0], ['2024-08-05', 0, 0, 0, 0], ['2024-08-04', 0, 0, 0, 0], ['2024-08-03', 0, 0, 0, 0], ['2024-08-02', 0, 0, 0, 0], ['2024-08-01', 0, 0, 0, 0], ['2024-07-31', 0, 0, 0, 0], ['2024-07-30', 0, 0, 0, 0], ['2024-07-29', 0, 0, 0, 0], ['2024-07-28', 0, 0, 0, 0], ['2024-07-27', 0, 0, 0, 0], ['2024-07-26', 0, 0, 0, 0], ['2024-07-25', 0, 0, 0, 0], ['2024-07-24', 0, 0, 0, 0], ['2024-07-23', 0, 0, 0, 0], ['2024-07-22', 0, 0, 0, 0], ['2024-07-21', 0, 0, 0, 0], ['2024-07-20', 0, 0, 0, 0], ['2024-07-19', 0, 0, 0, 0], ['2024-07-18', 0, 0, 0, 0], ['2024-07-17', 0, 0, 0, 0], ['2024-07-16', 0, 0, 0, 0], ['2024-07-15', 0, 0, 0, 0], ['2024-07-14', 0, 0, 0, 0], ['2024-07-13', 0, 0, 0, 0], ['2024-07-12', 0, 0, 0, 0], ['2024-07-11', 0, 0, 0, 0], ['2024-07-10', 0, 0, 0, 0], ['2024-07-09', 0, 0, 0, 0], ['2024-07-08', 0, 0, 0, 0], ['2024-07-07', 0, 0, 0, 0], ['2024-07-06', 0, 0, 0, 0], ['2024-07-05', 0, 0, 0, 0], ['2024-07-04', 0, 0, 0, 0], ['2024-07-03', 0, 0, 0, 0], ['2024-07-02', 0, 0, 0, 0], ['2024-07-01', 0, 0, 0, 0], ['2024-06-30', 0, 0, 0, 0], ['2024-06-29', 0, 0, 0, 0], ['2024-06-28', 0, 0, 0, 0], ['2024-06-27', 0, 0, 0, 0], ['2024-06-26', 0, 0, 0, 0], ['2024-06-25', 0, 0, 0, 0], ['2024-06-24', 0, 0, 0, 0], ['2024-06-23', 0, 0, 0, 0], ['2024-06-22', 0, 0, 0, 0], ['2024-06-21', 0, 0, 0, 0], ['2024-06-20', 0, 0, 0, 0], ['2024-06-19', 0, 0, 0, 0], ['2024-06-18', 0, 0, 0, 0], ['2024-06-17', 0, 0, 0, 0], ['2024-06-16', 0, 0, 0, 0], ['2024-06-15', 0, 0, 0, 0], ['2024-06-14', 0, 0, 0, 0], ['2024-06-13', 0, 0, 0, 0], ['2024-06-12', 0, 0, 0, 0], ['2024-06-11', 0, 0, 0, 0], ['2024-06-10', 0, 0, 0, 0], ['2024-06-09', 0, 0, 0, 0], ['2024-06-08', 0, 0, 0, 0], ['2024-06-07', 0, 0, 0, 0], ['2024-06-06', 0, 0, 0, 0], ['2024-06-05', 0, 0, 0, 0], ['2024-06-04', 0, 0, 0, 0], ['2024-06-03', 0, 0, 0, 0], ['2024-06-02', 0, 0, 0, 0], ['2024-06-01', 0, 0, 0, 0], ['2024-05-31', 0, 0, 0, 0], ['2024-05-30', 0, 0, 0, 0], ['2024-05-29', 0, 0, 0, 0], ['2024-05-28', 0, 0, 0, 0], ['2024-05-27', 0, 0, 0, 0], ['2024-05-26', 0, 0, 0, 0], ['2024-05-25', 0, 0, 0, 0], ['2024-05-24', 0, 0, 0, 0], ['2024-05-23', 0, 0, 0, 0], ['2024-05-22', 0, 0, 0, 0], ['2024-05-21', 0, 0, 0, 0], ['2024-05-20', 0, 0, 0, 0], ['2024-05-19', 0, 0, 0, 0], ['2024-05-18', 0, 0, 0, 0], ['2024-05-17', 0, 0, 0, 0], ['2024-05-16', 0, 0, 0, 0], ['2024-05-15', 0, 0, 0, 0], ['2024-05-14', 0, 0, 0, 0], ['2024-05-13', 0, 0, 0, 0], ['2024-05-12', 0, 0, 0, 0], ['2024-05-11', 0, 0, 0, 0], ['2024-05-10', 0, 0, 0, 0], ['2024-05-09', 0, 0, 0, 0], ['2024-05-08', 0, 0, 0, 0], ['2024-05-07', 0, 0, 0, 0], ['2024-05-06', 0, 0, 0, 0], ['2024-05-05', 0, 0, 0, 0], ['2024-05-04', 0, 0, 0, 0], ['2024-05-03', 0, 0, 0, 0], ['2024-05-02', 0, 0, 0, 0], ['2024-05-01', 0, 0, 0, 0], ['2024-04-30', 0, 0, 0, 0], ['2024-04-29', 0, 0, 0, 0], ['2024-04-28', 0, 0, 0, 0], ['2024-04-27', 0, 0, 0, 0], ['2024-04-26', 0, 0, 0, 0], ['2024-04-25', 0, 0, 0, 0], ['2024-04-24', 0, 0, 0, 0], ['2024-04-23', 0, 0, 0, 0], ['2024-04-22', 0, 0, 0, 0], ['2024-04-21', 0, 0, 0, 0], ['2024-04-20', 0, 0, 0, 0], ['2024-04-19', 0, 0, 0, 0], ['2024-04-18', 0, 0, 0, 0], ['2024-04-17', 0, 0, 0, 0], ['2024-04-16', 0, 0, 0, 0], ['2024-04-15', 0, 0, 0, 0], ['2024-04-14', 0, 0, 0, 0], ['2024-04-13', 0, 0, 0, 0], ['2024-04-12', 0, 0, 0, 0], ['2024-04-11', 0, 0, 0, 0], ['2024-04-10', 0, 0, 0, 0], ['2024-04-09', 0, 0, 0, 0], ['2024-04-08', 0, 0, 0, 0], ['2024-04-07', 0, 0, 0, 0], ['2024-04-06', 0, 0, 0, 0], ['2024-04-05', 0, 0, 0, 0], ['2024-04-04', 0, 0, 0, 0], ['2024-04-03', 0, 0, 0, 0], ['2024-04-02', 0, 0, 0, 0], ['2024-04-01', 0, 0, 0, 0], ['2024-03-31', 0, 0, 0, 0], ['2024-03-30', 0, 0, 0, 0], ['2024-03-29', 0, 0, 0, 0], ['2024-03-28', 0, 0, 0, 0], ['2024-03-27', 0, 0, 0, 0], ['2024-03-26', 0, 0, 0, 0], ['2024-03-25', 0, 0, 0, 0], ['2024-03-24', 0, 0, 0, 0], ['2024-03-23', 0, 0, 0, 0], ['2024-03-22', 0, 0, 0, 0], ['2024-03-21', 0, 0, 0, 0], ['2024-03-20', 0, 0, 0, 0], ['2024-03-19', 0, 0, 0, 0], ['2024-03-18', 0, 0, 0, 0], ['2024-03-17', 0, 0, 0, 0], ['2024-03-16', 0, 0, 0, 0], ['2024-03-15', 0, 0, 0, 0], ['2024-03-14', 0, 0, 0, 0], ['2024-03-13', 0, 0, 0, 0], ['2024-03-12', 0, 0, 0, 0], ['2024-03-11', 0, 0, 0, 0], ['2024-03-10', 0, 0, 0, 0], ['2024-03-09', 0, 0, 0, 0], ['2024-03-08', 0, 0, 0, 0], ['2024-03-07', 0, 0, 0, 0], ['2024-03-06', 0, 0, 0, 0], ['2024-03-05', 0, 0, 0, 0], ['2024-03-04', 0, 0, 0, 0], ['2024-03-03', 0, 0, 0, 0], ['2024-03-02', 0, 0, 0, 0], ['2024-03-01', 0, 0, 0, 0], ['2024-02-29', 0, 0, 0, 0], ['2024-02-28', 0, 0, 0, 0], ['2024-02-27', 0, 0, 0, 0], ['2024-02-26', 0, 0, 0, 0], ['2024-02-25', 0, 0, 0, 0], ['2024-02-24', 0, 0, 0, 0], ['2024-02-23', 0, 0, 0, 0], ['2024-02-22', 0, 0, 0, 0], ['2024-02-21', 0, 0, 0, 0], ['2024-02-20', 0, 0, 0, 0], ['2024-02-19', 0, 0, 0, 0], ['2024-02-18', 0, 0, 0, 0], ['2024-02-17', 0, 0, 0, 0], ['2024-02-16', 0, 0, 0, 0], ['2024-02-15', 0, 0, 0, 0], ['2024-02-14', 0, 0, 0, 0], ['2024-02-13', 0, 0, 0, 0], ['2024-02-12', 0, 0, 0, 0], ['2024-02-11', 0, 0, 0, 0], ['2024-02-10', 0, 0, 0, 0], ['2024-02-09', 0, 0, 0, 0], ['2024-02-08', 0, 0, 0, 0], ['2024-02-07', 0, 0, 0, 0], ['2024-02-06', 0, 0, 0, 0], ['2024-02-05', 0, 0, 0, 0], ['2024-02-04', 0, 0, 0, 0], ['2024-02-03', 0, 0, 0, 0], ['2024-02-02', 0, 0, 0, 0], ['2024-02-01', 0, 0, 0, 0], ['2024-01-31', 0, 0, 0, 0], ['2024-01-30', 0, 0, 0, 0], ['2024-01-29', 0, 0, 0, 0], ['2024-01-28', 0, 0, 0, 0], ['2024-01-27', 0, 0, 0, 0], ['2024-01-26', 0, 0, 0, 0], ['2024-01-25', 0, 0, 0, 0], ['2024-01-24', 0, 0, 0, 0], ['2024-01-23', 0, 0, 0, 0], ['2024-01-22', 0, 0, 0, 0], ['2024-01-21', 0, 0, 0, 0], ['2024-01-20', 0, 0, 0, 0], ['2024-01-19', 0, 0, 0, 0], ['2024-01-18', 0, 0, 0, 0], ['2024-01-17', 0, 0, 0, 0], ['2024-01-16', 0, 0, 0, 0], ['2024-01-15', 0, 0, 0, 0], ['2024-01-14', 0, 0, 0, 0], ['2024-01-13', 0, 0, 0, 0], ['2024-01-12', 0, 0, 0, 0], ['2024-01-11', 0, 0, 0, 0], ['2024-01-10', 0, 0, 0, 0], ['2024-01-09', 0, 0, 0, 0], ['2024-01-08', 0, 0, 0, 0], ['2024-01-07', 0, 0, 0, 0], ['2024-01-06', 0, 0, 0, 0], ['2024-01-05', 0, 0, 0, 0], ['2024-01-04', 0, 0, 0, 0], ['2024-01-03', 0, 0, 0, 0], ['2024-01-02', 0, 0, 0, 0], ['2024-01-01', 0, 0, 0, 0]]}
Decided to upload a new video.
Video uploaded successfully: https://www.youtube.com/watch?v=Zt5tLw7E9WM
Video uploaded successfully!
section_end:1740962772:step_script
[0Ksection_start:1740962772:cleanup_file_variables
[0K[0K[36;1mCleaning up project directory and file based variables[0;m[0;m
section_end:1740962773:cleanup_file_variables
[0K[32;1mJob succeeded[0;m